CRITICAL - 2022-09-18 13:46:53 --> The original file is not a valid file.
in SYSTEMPATH/HTTP/Files/UploadedFile.php on line 137.
 1 SYSTEMPATH/HTTP/Files/UploadedFile.php(137): CodeIgniter\HTTP\Exceptions\HTTPException::forInvalidFile()
 2 APPPATH/Controllers/Records.php(67): CodeIgniter\HTTP\Files\UploadedFile->move('FCPATH/uploads', '1663526813_56d5a7ba7c75b4ec6654.jpg')
 3 SYSTEMPATH/CodeIgniter.php(896): App\Controllers\Records->save_record()
 4 SYSTEMPATH/CodeIgniter.php(466): CodeIgniter\CodeIgniter->runController(Object(App\Controllers\Records))
 5 SYSTEMPATH/CodeIgniter.php(349): CodeIgniter\CodeIgniter->handleRequest(null, Object(Config\Cache), false)
 6 FCPATH/index.php(55): CodeIgniter\CodeIgniter->run()
CRITICAL - 2022-09-18 15:46:07 --> Class "App\Models\RecordModel" not found
in APPPATH/Controllers/Record.php on line 122.
 1 SYSTEMPATH/CodeIgniter.php(896): App\Controllers\Record->show('view', '22')
 2 SYSTEMPATH/CodeIgniter.php(466): CodeIgniter\CodeIgniter->runController(Object(App\Controllers\Record))
 3 SYSTEMPATH/CodeIgniter.php(349): CodeIgniter\CodeIgniter->handleRequest(null, Object(Config\Cache), false)
 4 FCPATH/index.php(55): CodeIgniter\CodeIgniter->run()
CRITICAL - 2022-09-18 16:08:07 --> Class "App\Models\RecordModel" not found
in APPPATH/Controllers/Record.php on line 122.
 1 SYSTEMPATH/CodeIgniter.php(896): App\Controllers\Record->show('view', '22')
 2 SYSTEMPATH/CodeIgniter.php(466): CodeIgniter\CodeIgniter->runController(Object(App\Controllers\Record))
 3 SYSTEMPATH/CodeIgniter.php(349): CodeIgniter\CodeIgniter->handleRequest(null, Object(Config\Cache), false)
 4 FCPATH/index.php(55): CodeIgniter\CodeIgniter->run()
CRITICAL - 2022-09-18 17:11:51 --> Class "App\Models\RecordModel" not found
in APPPATH/Controllers/Record.php on line 122.
 1 SYSTEMPATH/CodeIgniter.php(896): App\Controllers\Record->show('create')
 2 SYSTEMPATH/CodeIgniter.php(466): CodeIgniter\CodeIgniter->runController(Object(App\Controllers\Record))
 3 SYSTEMPATH/CodeIgniter.php(349): CodeIgniter\CodeIgniter->handleRequest(null, Object(Config\Cache), false)
 4 FCPATH/index.php(55): CodeIgniter\CodeIgniter->run()
