CRITICAL - 2022-09-17 01:12:27 --> Undefined variable $user
in APPPATH/Views/notes/create_record.php on line 32.
 1 APPPATH/Views/notes/create_record.php(32): CodeIgniter\Debug\Exceptions->errorHandler(2, 'Undefined variable $user', 'APPPATH/Views/notes/create_record.php', 32)
 2 SYSTEMPATH/View/View.php(213): include('APPPATH/Views/notes/create_record.php')
 3 SYSTEMPATH/View/View.php(216): CodeIgniter\View\View->CodeIgniter\View\{closure}()
 4 SYSTEMPATH/Common.php(1135): CodeIgniter\View\View->render('notes/create_record', [], true)
 5 APPPATH/Controllers/Records.php(55): view('notes/create_record', [...])
 6 SYSTEMPATH/CodeIgniter.php(896): App\Controllers\Records->create_record()
 7 SYSTEMPATH/CodeIgniter.php(466): CodeIgniter\CodeIgniter->runController(Object(App\Controllers\Records))
 8 SYSTEMPATH/CodeIgniter.php(349): CodeIgniter\CodeIgniter->handleRequest(null, Object(Config\Cache), false)
 9 FCPATH/index.php(55): CodeIgniter\CodeIgniter->run()
CRITICAL - 2022-09-17 01:13:27 --> Undefined variable $user
in APPPATH/Views/users/create_user.php on line 31.
 1 APPPATH/Views/users/create_user.php(31): CodeIgniter\Debug\Exceptions->errorHandler(2, 'Undefined variable $user', 'APPPATH/Views/users/create_user.php', 31)
 2 SYSTEMPATH/View/View.php(213): include('APPPATH/Views/users/create_user.php')
 3 SYSTEMPATH/View/View.php(216): CodeIgniter\View\View->CodeIgniter\View\{closure}()
 4 SYSTEMPATH/Common.php(1135): CodeIgniter\View\View->render('users/create_user', [], true)
 5 APPPATH/Controllers/Users.php(54): view('users/create_user', [...])
 6 SYSTEMPATH/CodeIgniter.php(896): App\Controllers\Users->create_user()
 7 SYSTEMPATH/CodeIgniter.php(466): CodeIgniter\CodeIgniter->runController(Object(App\Controllers\Users))
 8 SYSTEMPATH/CodeIgniter.php(349): CodeIgniter\CodeIgniter->handleRequest(null, Object(Config\Cache), false)
 9 FCPATH/index.php(55): CodeIgniter\CodeIgniter->run()
CRITICAL - 2022-09-17 01:15:44 --> Undefined variable $user
in APPPATH/Views/notes/create_record.php on line 32.
 1 APPPATH/Views/notes/create_record.php(32): CodeIgniter\Debug\Exceptions->errorHandler(2, 'Undefined variable $user', 'APPPATH/Views/notes/create_record.php', 32)
 2 SYSTEMPATH/View/View.php(213): include('APPPATH/Views/notes/create_record.php')
 3 SYSTEMPATH/View/View.php(216): CodeIgniter\View\View->CodeIgniter\View\{closure}()
 4 SYSTEMPATH/Common.php(1135): CodeIgniter\View\View->render('notes/create_record', [], true)
 5 APPPATH/Controllers/Records.php(55): view('notes/create_record', [...])
 6 SYSTEMPATH/CodeIgniter.php(896): App\Controllers\Records->create_record()
 7 SYSTEMPATH/CodeIgniter.php(466): CodeIgniter\CodeIgniter->runController(Object(App\Controllers\Records))
 8 SYSTEMPATH/CodeIgniter.php(349): CodeIgniter\CodeIgniter->handleRequest(null, Object(Config\Cache), false)
 9 FCPATH/index.php(55): CodeIgniter\CodeIgniter->run()
CRITICAL - 2022-09-17 01:23:43 --> Undefined variable $session_data
in APPPATH/Views/notes/create_record.php on line 29.
 1 APPPATH/Views/notes/create_record.php(29): CodeIgniter\Debug\Exceptions->errorHandler(2, 'Undefined variable $session_data', 'APPPATH/Views/notes/create_record.php', 29)
 2 SYSTEMPATH/View/View.php(213): include('APPPATH/Views/notes/create_record.php')
 3 SYSTEMPATH/View/View.php(216): CodeIgniter\View\View->CodeIgniter\View\{closure}()
 4 SYSTEMPATH/Common.php(1135): CodeIgniter\View\View->render('notes/create_record', [], true)
 5 APPPATH/Controllers/Records.php(55): view('notes/create_record', [...])
 6 SYSTEMPATH/CodeIgniter.php(896): App\Controllers\Records->create_record()
 7 SYSTEMPATH/CodeIgniter.php(466): CodeIgniter\CodeIgniter->runController(Object(App\Controllers\Records))
 8 SYSTEMPATH/CodeIgniter.php(349): CodeIgniter\CodeIgniter->handleRequest(null, Object(Config\Cache), false)
 9 FCPATH/index.php(55): CodeIgniter\CodeIgniter->run()
CRITICAL - 2022-09-17 01:24:29 --> Undefined variable $session_data
in APPPATH/Views/notes/create_record.php on line 29.
 1 APPPATH/Views/notes/create_record.php(29): CodeIgniter\Debug\Exceptions->errorHandler(2, 'Undefined variable $session_data', 'APPPATH/Views/notes/create_record.php', 29)
 2 SYSTEMPATH/View/View.php(213): include('APPPATH/Views/notes/create_record.php')
 3 SYSTEMPATH/View/View.php(216): CodeIgniter\View\View->CodeIgniter\View\{closure}()
 4 SYSTEMPATH/Common.php(1135): CodeIgniter\View\View->render('notes/create_record', [], true)
 5 APPPATH/Controllers/Records.php(55): view('notes/create_record', [...])
 6 SYSTEMPATH/CodeIgniter.php(896): App\Controllers\Records->create_record()
 7 SYSTEMPATH/CodeIgniter.php(466): CodeIgniter\CodeIgniter->runController(Object(App\Controllers\Records))
 8 SYSTEMPATH/CodeIgniter.php(349): CodeIgniter\CodeIgniter->handleRequest(null, Object(Config\Cache), false)
 9 FCPATH/index.php(55): CodeIgniter\CodeIgniter->run()
CRITICAL - 2022-09-17 01:55:46 --> Undefined variable $user
in APPPATH/Views/users/create_user.php on line 31.
 1 APPPATH/Views/users/create_user.php(31): CodeIgniter\Debug\Exceptions->errorHandler(2, 'Undefined variable $user', 'APPPATH/Views/users/create_user.php', 31)
 2 SYSTEMPATH/View/View.php(213): include('APPPATH/Views/users/create_user.php')
 3 SYSTEMPATH/View/View.php(216): CodeIgniter\View\View->CodeIgniter\View\{closure}()
 4 SYSTEMPATH/Common.php(1135): CodeIgniter\View\View->render('users/create_user', [], true)
 5 APPPATH/Controllers/Users.php(54): view('users/create_user', [...])
 6 SYSTEMPATH/CodeIgniter.php(896): App\Controllers\Users->create_user()
 7 SYSTEMPATH/CodeIgniter.php(466): CodeIgniter\CodeIgniter->runController(Object(App\Controllers\Users))
 8 SYSTEMPATH/CodeIgniter.php(349): CodeIgniter\CodeIgniter->handleRequest(null, Object(Config\Cache), false)
 9 FCPATH/index.php(55): CodeIgniter\CodeIgniter->run()
CRITICAL - 2022-09-17 01:59:28 --> Undefined variable $user
in APPPATH/Views/users/create_user.php on line 31.
 1 APPPATH/Views/users/create_user.php(31): CodeIgniter\Debug\Exceptions->errorHandler(2, 'Undefined variable $user', 'APPPATH/Views/users/create_user.php', 31)
 2 SYSTEMPATH/View/View.php(213): include('APPPATH/Views/users/create_user.php')
 3 SYSTEMPATH/View/View.php(216): CodeIgniter\View\View->CodeIgniter\View\{closure}()
 4 SYSTEMPATH/Common.php(1135): CodeIgniter\View\View->render('users/create_user', [], true)
 5 APPPATH/Controllers/Users.php(54): view('users/create_user', [...])
 6 SYSTEMPATH/CodeIgniter.php(896): App\Controllers\Users->create_user()
 7 SYSTEMPATH/CodeIgniter.php(466): CodeIgniter\CodeIgniter->runController(Object(App\Controllers\Users))
 8 SYSTEMPATH/CodeIgniter.php(349): CodeIgniter\CodeIgniter->handleRequest(null, Object(Config\Cache), false)
 9 FCPATH/index.php(55): CodeIgniter\CodeIgniter->run()
CRITICAL - 2022-09-17 02:20:18 --> The original file is not a valid file.
in SYSTEMPATH/HTTP/Files/UploadedFile.php on line 137.
 1 SYSTEMPATH/HTTP/Files/UploadedFile.php(137): CodeIgniter\HTTP\Exceptions\HTTPException::forInvalidFile()
 2 APPPATH/Controllers/Records.php(67): CodeIgniter\HTTP\Files\UploadedFile->move('FCPATH/uploads', '1663399218_d04140101de8caed9c91.jpg')
 3 SYSTEMPATH/CodeIgniter.php(896): App\Controllers\Records->save_record()
 4 SYSTEMPATH/CodeIgniter.php(466): CodeIgniter\CodeIgniter->runController(Object(App\Controllers\Records))
 5 SYSTEMPATH/CodeIgniter.php(349): CodeIgniter\CodeIgniter->handleRequest(null, Object(Config\Cache), false)
 6 FCPATH/index.php(55): CodeIgniter\CodeIgniter->run()
CRITICAL - 2022-09-17 11:27:16 --> Class "App\Models\RecordModel" not found
in APPPATH/Controllers/Record.php on line 124.
 1 SYSTEMPATH/CodeIgniter.php(896): App\Controllers\Record->show('21')
 2 SYSTEMPATH/CodeIgniter.php(466): CodeIgniter\CodeIgniter->runController(Object(App\Controllers\Record))
 3 SYSTEMPATH/CodeIgniter.php(349): CodeIgniter\CodeIgniter->handleRequest(null, Object(Config\Cache), false)
 4 FCPATH/index.php(55): CodeIgniter\CodeIgniter->run()
CRITICAL - 2022-09-17 11:31:01 --> Class "App\Models\RecordModel" not found
in APPPATH/Controllers/Record.php on line 124.
 1 SYSTEMPATH/CodeIgniter.php(896): App\Controllers\Record->show('22')
 2 SYSTEMPATH/CodeIgniter.php(466): CodeIgniter\CodeIgniter->runController(Object(App\Controllers\Record))
 3 SYSTEMPATH/CodeIgniter.php(349): CodeIgniter\CodeIgniter->handleRequest(null, Object(Config\Cache), false)
 4 FCPATH/index.php(55): CodeIgniter\CodeIgniter->run()
CRITICAL - 2022-09-17 11:35:46 --> Class "App\Models\RecordModel" not found
in APPPATH/Controllers/Record.php on line 124.
 1 SYSTEMPATH/CodeIgniter.php(896): App\Controllers\Record->show('login')
 2 SYSTEMPATH/CodeIgniter.php(466): CodeIgniter\CodeIgniter->runController(Object(App\Controllers\Record))
 3 SYSTEMPATH/CodeIgniter.php(349): CodeIgniter\CodeIgniter->handleRequest(null, Object(Config\Cache), false)
 4 FCPATH/index.php(55): CodeIgniter\CodeIgniter->run()
CRITICAL - 2022-09-17 11:38:02 --> Class "App\Models\RecordModel" not found
in APPPATH/Controllers/Record.php on line 124.
 1 SYSTEMPATH/CodeIgniter.php(896): App\Controllers\Record->show('view', '22')
 2 SYSTEMPATH/CodeIgniter.php(466): CodeIgniter\CodeIgniter->runController(Object(App\Controllers\Record))
 3 SYSTEMPATH/CodeIgniter.php(349): CodeIgniter\CodeIgniter->handleRequest(null, Object(Config\Cache), false)
 4 FCPATH/index.php(55): CodeIgniter\CodeIgniter->run()
CRITICAL - 2022-09-17 11:47:06 --> Undefined constant "CodeIgniter\Database\MySQLi\MYSQLI_STORE_RESULT"
in SYSTEMPATH/Database/Database.php on line 136.
 1 SYSTEMPATH/Database/Database.php(56): CodeIgniter\Database\Database->initDriver()
 2 SYSTEMPATH/Database/Config.php(78): CodeIgniter\Database\Database->load()
 3 SYSTEMPATH/Common.php(344): CodeIgniter\Database\Config::connect()
 4 APPPATH/Controllers/Record.php(135): db_connect()
 5 SYSTEMPATH/CodeIgniter.php(896): App\Controllers\Record->view()
 6 SYSTEMPATH/CodeIgniter.php(466): CodeIgniter\CodeIgniter->runController()
 7 SYSTEMPATH/CodeIgniter.php(349): CodeIgniter\CodeIgniter->handleRequest()
 8 FCPATH/index.php(55): CodeIgniter\CodeIgniter->run()
CRITICAL - 2022-09-17 11:47:13 --> Undefined constant "CodeIgniter\Database\MySQLi\MYSQLI_STORE_RESULT"
in SYSTEMPATH/Database/Database.php on line 136.
 1 SYSTEMPATH/Database/Database.php(56): CodeIgniter\Database\Database->initDriver()
 2 SYSTEMPATH/Database/Config.php(78): CodeIgniter\Database\Database->load()
 3 SYSTEMPATH/Common.php(344): CodeIgniter\Database\Config::connect()
 4 APPPATH/Controllers/Record.php(135): db_connect()
 5 SYSTEMPATH/CodeIgniter.php(896): App\Controllers\Record->view()
 6 SYSTEMPATH/CodeIgniter.php(466): CodeIgniter\CodeIgniter->runController()
 7 SYSTEMPATH/CodeIgniter.php(349): CodeIgniter\CodeIgniter->handleRequest()
 8 FCPATH/index.php(55): CodeIgniter\CodeIgniter->run()
CRITICAL - 2022-09-17 11:47:15 --> Undefined constant "CodeIgniter\Database\MySQLi\MYSQLI_STORE_RESULT"
in SYSTEMPATH/Database/Database.php on line 136.
 1 SYSTEMPATH/Database/Database.php(56): CodeIgniter\Database\Database->initDriver()
 2 SYSTEMPATH/Database/Config.php(78): CodeIgniter\Database\Database->load()
 3 SYSTEMPATH/Common.php(344): CodeIgniter\Database\Config::connect()
 4 APPPATH/Controllers/Record.php(135): db_connect()
 5 SYSTEMPATH/CodeIgniter.php(896): App\Controllers\Record->view()
 6 SYSTEMPATH/CodeIgniter.php(466): CodeIgniter\CodeIgniter->runController()
 7 SYSTEMPATH/CodeIgniter.php(349): CodeIgniter\CodeIgniter->handleRequest()
 8 FCPATH/index.php(55): CodeIgniter\CodeIgniter->run()
CRITICAL - 2022-09-17 11:47:16 --> Undefined constant "CodeIgniter\Database\MySQLi\MYSQLI_STORE_RESULT"
in SYSTEMPATH/Database/Database.php on line 136.
 1 SYSTEMPATH/Database/Database.php(56): CodeIgniter\Database\Database->initDriver()
 2 SYSTEMPATH/Database/Config.php(78): CodeIgniter\Database\Database->load()
 3 SYSTEMPATH/Common.php(344): CodeIgniter\Database\Config::connect()
 4 APPPATH/Controllers/Record.php(135): db_connect()
 5 SYSTEMPATH/CodeIgniter.php(896): App\Controllers\Record->view()
 6 SYSTEMPATH/CodeIgniter.php(466): CodeIgniter\CodeIgniter->runController()
 7 SYSTEMPATH/CodeIgniter.php(349): CodeIgniter\CodeIgniter->handleRequest()
 8 FCPATH/index.php(55): CodeIgniter\CodeIgniter->run()
CRITICAL - 2022-09-17 11:47:18 --> Undefined constant "CodeIgniter\Database\MySQLi\MYSQLI_STORE_RESULT"
in SYSTEMPATH/Database/Database.php on line 136.
 1 SYSTEMPATH/Database/Database.php(56): CodeIgniter\Database\Database->initDriver()
 2 SYSTEMPATH/Database/Config.php(78): CodeIgniter\Database\Database->load()
 3 SYSTEMPATH/Common.php(344): CodeIgniter\Database\Config::connect()
 4 APPPATH/Controllers/Record.php(135): db_connect()
 5 SYSTEMPATH/CodeIgniter.php(896): App\Controllers\Record->view()
 6 SYSTEMPATH/CodeIgniter.php(466): CodeIgniter\CodeIgniter->runController()
 7 SYSTEMPATH/CodeIgniter.php(349): CodeIgniter\CodeIgniter->handleRequest()
 8 FCPATH/index.php(55): CodeIgniter\CodeIgniter->run()
CRITICAL - 2022-09-17 11:47:19 --> Undefined constant "CodeIgniter\Database\MySQLi\MYSQLI_STORE_RESULT"
in SYSTEMPATH/Database/Database.php on line 136.
 1 SYSTEMPATH/Database/Database.php(56): CodeIgniter\Database\Database->initDriver()
 2 SYSTEMPATH/Database/Config.php(78): CodeIgniter\Database\Database->load()
 3 SYSTEMPATH/Common.php(344): CodeIgniter\Database\Config::connect()
 4 APPPATH/Controllers/Record.php(135): db_connect()
 5 SYSTEMPATH/CodeIgniter.php(896): App\Controllers\Record->view()
 6 SYSTEMPATH/CodeIgniter.php(466): CodeIgniter\CodeIgniter->runController()
 7 SYSTEMPATH/CodeIgniter.php(349): CodeIgniter\CodeIgniter->handleRequest()
 8 FCPATH/index.php(55): CodeIgniter\CodeIgniter->run()
CRITICAL - 2022-09-17 11:49:49 --> Undefined constant "CodeIgniter\Database\MySQLi\MYSQLI_STORE_RESULT"
in SYSTEMPATH/Database/Database.php on line 136.
 1 SYSTEMPATH/Database/Database.php(56): CodeIgniter\Database\Database->initDriver()
 2 SYSTEMPATH/Database/Config.php(78): CodeIgniter\Database\Database->load()
 3 SYSTEMPATH/Common.php(344): CodeIgniter\Database\Config::connect()
 4 APPPATH/Controllers/Record.php(27): db_connect()
 5 SYSTEMPATH/CodeIgniter.php(896): App\Controllers\Record->login()
 6 SYSTEMPATH/CodeIgniter.php(466): CodeIgniter\CodeIgniter->runController()
 7 SYSTEMPATH/CodeIgniter.php(349): CodeIgniter\CodeIgniter->handleRequest()
 8 FCPATH/index.php(55): CodeIgniter\CodeIgniter->run()
CRITICAL - 2022-09-17 11:49:57 --> Class "App\Models\RecordModel" not found
in APPPATH/Controllers/Record.php on line 124.
 1 SYSTEMPATH/CodeIgniter.php(896): App\Controllers\Record->show()
 2 SYSTEMPATH/CodeIgniter.php(466): CodeIgniter\CodeIgniter->runController()
 3 SYSTEMPATH/CodeIgniter.php(349): CodeIgniter\CodeIgniter->handleRequest()
 4 FCPATH/index.php(55): CodeIgniter\CodeIgniter->run()
CRITICAL - 2022-09-17 11:58:06 --> Undefined constant "CodeIgniter\Database\MySQLi\MYSQLI_STORE_RESULT"
in SYSTEMPATH/Database/Database.php on line 136.
 1 SYSTEMPATH/Database/Database.php(56): CodeIgniter\Database\Database->initDriver()
 2 SYSTEMPATH/Database/Config.php(78): CodeIgniter\Database\Database->load()
 3 SYSTEMPATH/Common.php(344): CodeIgniter\Database\Config::connect()
 4 APPPATH/Controllers/Login.php(42): db_connect()
 5 SYSTEMPATH/CodeIgniter.php(896): App\Controllers\Login->login_submit()
 6 SYSTEMPATH/CodeIgniter.php(466): CodeIgniter\CodeIgniter->runController()
 7 SYSTEMPATH/CodeIgniter.php(349): CodeIgniter\CodeIgniter->handleRequest()
 8 FCPATH/index.php(55): CodeIgniter\CodeIgniter->run()
CRITICAL - 2022-09-17 12:03:04 --> Undefined constant "CodeIgniter\Database\MySQLi\MYSQLI_STORE_RESULT"
in SYSTEMPATH/Database/Database.php on line 136.
 1 SYSTEMPATH/Database/Database.php(56): CodeIgniter\Database\Database->initDriver()
 2 SYSTEMPATH/Database/Config.php(78): CodeIgniter\Database\Database->load()
 3 SYSTEMPATH/Common.php(344): CodeIgniter\Database\Config::connect()
 4 APPPATH/Controllers/Login.php(42): db_connect()
 5 SYSTEMPATH/CodeIgniter.php(896): App\Controllers\Login->login_submit()
 6 SYSTEMPATH/CodeIgniter.php(466): CodeIgniter\CodeIgniter->runController()
 7 SYSTEMPATH/CodeIgniter.php(349): CodeIgniter\CodeIgniter->handleRequest()
 8 FCPATH/index.php(55): CodeIgniter\CodeIgniter->run()
CRITICAL - 2022-09-17 12:11:47 --> Undefined constant "CodeIgniter\Database\MySQLi\MYSQLI_STORE_RESULT"
in SYSTEMPATH/Database/Database.php on line 136.
 1 SYSTEMPATH/Database/Database.php(56): CodeIgniter\Database\Database->initDriver()
 2 SYSTEMPATH/Database/Config.php(78): CodeIgniter\Database\Database->load()
 3 SYSTEMPATH/Common.php(344): CodeIgniter\Database\Config::connect()
 4 APPPATH/Controllers/Login.php(42): db_connect()
 5 SYSTEMPATH/CodeIgniter.php(896): App\Controllers\Login->login_submit()
 6 SYSTEMPATH/CodeIgniter.php(466): CodeIgniter\CodeIgniter->runController()
 7 SYSTEMPATH/CodeIgniter.php(349): CodeIgniter\CodeIgniter->handleRequest()
 8 FCPATH/index.php(55): CodeIgniter\CodeIgniter->run()
CRITICAL - 2022-09-17 12:14:52 --> Undefined constant "CodeIgniter\Database\MySQLi\MYSQLI_STORE_RESULT"
in SYSTEMPATH/Database/Database.php on line 136.
 1 SYSTEMPATH/Database/Database.php(56): CodeIgniter\Database\Database->initDriver()
 2 SYSTEMPATH/Database/Config.php(78): CodeIgniter\Database\Database->load()
 3 SYSTEMPATH/Common.php(344): CodeIgniter\Database\Config::connect()
 4 APPPATH/Controllers/Login.php(42): db_connect()
 5 SYSTEMPATH/CodeIgniter.php(896): App\Controllers\Login->login_submit()
 6 SYSTEMPATH/CodeIgniter.php(466): CodeIgniter\CodeIgniter->runController()
 7 SYSTEMPATH/CodeIgniter.php(349): CodeIgniter\CodeIgniter->handleRequest()
 8 FCPATH/index.php(55): CodeIgniter\CodeIgniter->run()
CRITICAL - 2022-09-17 12:15:45 --> Class "App\Models\RecordModel" not found
in APPPATH/Controllers/Record.php on line 124.
 1 SYSTEMPATH/CodeIgniter.php(896): App\Controllers\Record->show()
 2 SYSTEMPATH/CodeIgniter.php(466): CodeIgniter\CodeIgniter->runController()
 3 SYSTEMPATH/CodeIgniter.php(349): CodeIgniter\CodeIgniter->handleRequest()
 4 FCPATH/index.php(55): CodeIgniter\CodeIgniter->run()
CRITICAL - 2022-09-17 12:27:14 --> Class "App\Models\RecordModel" not found
in APPPATH/Controllers/Record.php on line 124.
 1 SYSTEMPATH/CodeIgniter.php(896): App\Controllers\Record->show('login')
 2 SYSTEMPATH/CodeIgniter.php(466): CodeIgniter\CodeIgniter->runController(Object(App\Controllers\Record))
 3 SYSTEMPATH/CodeIgniter.php(349): CodeIgniter\CodeIgniter->handleRequest(null, Object(Config\Cache), false)
 4 FCPATH/index.php(55): CodeIgniter\CodeIgniter->run()
CRITICAL - 2022-09-17 13:25:31 --> Class "App\Models\RecordModel" not found
in APPPATH/Controllers/Record.php on line 124.
 1 SYSTEMPATH/CodeIgniter.php(896): App\Controllers\Record->show('login')
 2 SYSTEMPATH/CodeIgniter.php(466): CodeIgniter\CodeIgniter->runController(Object(App\Controllers\Record))
 3 SYSTEMPATH/CodeIgniter.php(349): CodeIgniter\CodeIgniter->handleRequest(null, Object(Config\Cache), false)
 4 FCPATH/index.php(55): CodeIgniter\CodeIgniter->run()
