CRITICAL - 2022-08-22 03:21:26 --> Class 'App\Models\RecordModel' not found
in APPPATH\Controllers\Record.php on line 36.
 1 SYSTEMPATH\CodeIgniter.php(896): App\Controllers\Record->show('index')
 2 SYSTEMPATH\CodeIgniter.php(466): CodeIgniter\CodeIgniter->runController(Object(App\Controllers\Record))
 3 SYSTEMPATH\CodeIgniter.php(349): CodeIgniter\CodeIgniter->handleRequest(null, Object(Config\Cache), false)
 4 FCPATH\index.php(55): CodeIgniter\CodeIgniter->run()
CRITICAL - 2022-08-22 03:21:27 --> Class 'App\Models\RecordModel' not found
in APPPATH\Controllers\Record.php on line 36.
 1 SYSTEMPATH\CodeIgniter.php(896): App\Controllers\Record->show('index')
 2 SYSTEMPATH\CodeIgniter.php(466): CodeIgniter\CodeIgniter->runController(Object(App\Controllers\Record))
 3 SYSTEMPATH\CodeIgniter.php(349): CodeIgniter\CodeIgniter->handleRequest(null, Object(Config\Cache), false)
 4 FCPATH\index.php(55): CodeIgniter\CodeIgniter->run()
CRITICAL - 2022-08-22 03:21:43 --> Class 'App\Models\RecordModel' not found
in APPPATH\Controllers\Record.php on line 11.
 1 SYSTEMPATH\CodeIgniter.php(896): App\Controllers\Record->index()
 2 SYSTEMPATH\CodeIgniter.php(466): CodeIgniter\CodeIgniter->runController(Object(App\Controllers\Record))
 3 SYSTEMPATH\CodeIgniter.php(349): CodeIgniter\CodeIgniter->handleRequest(null, Object(Config\Cache), false)
 4 FCPATH\index.php(55): CodeIgniter\CodeIgniter->run()
CRITICAL - 2022-08-22 03:29:59 --> Class 'App\Models\RecordModel' not found
in APPPATH\Controllers\Record.php on line 11.
 1 SYSTEMPATH\CodeIgniter.php(896): App\Controllers\Record->index()
 2 SYSTEMPATH\CodeIgniter.php(466): CodeIgniter\CodeIgniter->runController(Object(App\Controllers\Record))
 3 SYSTEMPATH\CodeIgniter.php(349): CodeIgniter\CodeIgniter->handleRequest(null, Object(Config\Cache), false)
 4 FCPATH\index.php(55): CodeIgniter\CodeIgniter->run()
CRITICAL - 2022-08-22 03:45:45 --> Class 'App\Models\RecordModel' not found
in APPPATH\Controllers\Record.php on line 11.
 1 SYSTEMPATH\CodeIgniter.php(896): App\Controllers\Record->index()
 2 SYSTEMPATH\CodeIgniter.php(466): CodeIgniter\CodeIgniter->runController(Object(App\Controllers\Record))
 3 SYSTEMPATH\CodeIgniter.php(349): CodeIgniter\CodeIgniter->handleRequest(null, Object(Config\Cache), false)
 4 FCPATH\index.php(55): CodeIgniter\CodeIgniter->run()
CRITICAL - 2022-08-22 03:45:47 --> Class 'App\Models\RecordModel' not found
in APPPATH\Controllers\Record.php on line 11.
 1 SYSTEMPATH\CodeIgniter.php(896): App\Controllers\Record->index()
 2 SYSTEMPATH\CodeIgniter.php(466): CodeIgniter\CodeIgniter->runController(Object(App\Controllers\Record))
 3 SYSTEMPATH\CodeIgniter.php(349): CodeIgniter\CodeIgniter->handleRequest(null, Object(Config\Cache), false)
 4 FCPATH\index.php(55): CodeIgniter\CodeIgniter->run()
CRITICAL - 2022-08-22 03:46:57 --> Call to a member function resource() on null
in APPPATH\Config\Routes.php on line 38.
 1 SYSTEMPATH\CodeIgniter.php(758): require()
 2 SYSTEMPATH\CodeIgniter.php(415): CodeIgniter\CodeIgniter->tryToRouteIt(Object(CodeIgniter\Router\RouteCollection))
 3 SYSTEMPATH\CodeIgniter.php(349): CodeIgniter\CodeIgniter->handleRequest(null, Object(Config\Cache), false)
 4 FCPATH\index.php(55): CodeIgniter\CodeIgniter->run()
CRITICAL - 2022-08-22 03:46:59 --> Call to a member function resource() on null
in APPPATH\Config\Routes.php on line 38.
 1 SYSTEMPATH\CodeIgniter.php(758): require()
 2 SYSTEMPATH\CodeIgniter.php(415): CodeIgniter\CodeIgniter->tryToRouteIt(Object(CodeIgniter\Router\RouteCollection))
 3 SYSTEMPATH\CodeIgniter.php(349): CodeIgniter\CodeIgniter->handleRequest(null, Object(Config\Cache), false)
 4 FCPATH\index.php(55): CodeIgniter\CodeIgniter->run()
CRITICAL - 2022-08-22 03:47:59 --> Call to a member function resource() on null
in APPPATH\Config\Routes.php on line 38.
 1 SYSTEMPATH\CodeIgniter.php(758): require()
 2 SYSTEMPATH\CodeIgniter.php(415): CodeIgniter\CodeIgniter->tryToRouteIt(Object(CodeIgniter\Router\RouteCollection))
 3 SYSTEMPATH\CodeIgniter.php(349): CodeIgniter\CodeIgniter->handleRequest(null, Object(Config\Cache), false)
 4 FCPATH\index.php(55): CodeIgniter\CodeIgniter->run()
CRITICAL - 2022-08-22 03:48:02 --> Call to a member function resource() on null
in APPPATH\Config\Routes.php on line 38.
 1 SYSTEMPATH\CodeIgniter.php(758): require()
 2 SYSTEMPATH\CodeIgniter.php(415): CodeIgniter\CodeIgniter->tryToRouteIt(Object(CodeIgniter\Router\RouteCollection))
 3 SYSTEMPATH\CodeIgniter.php(349): CodeIgniter\CodeIgniter->handleRequest(null, Object(Config\Cache), false)
 4 FCPATH\index.php(55): CodeIgniter\CodeIgniter->run()
CRITICAL - 2022-08-22 03:48:13 --> Call to a member function resource() on null
in APPPATH\Config\Routes.php on line 38.
 1 SYSTEMPATH\CodeIgniter.php(758): require()
 2 SYSTEMPATH\CodeIgniter.php(415): CodeIgniter\CodeIgniter->tryToRouteIt(Object(CodeIgniter\Router\RouteCollection))
 3 SYSTEMPATH\CodeIgniter.php(349): CodeIgniter\CodeIgniter->handleRequest(null, Object(Config\Cache), false)
 4 FCPATH\index.php(55): CodeIgniter\CodeIgniter->run()
CRITICAL - 2022-08-22 03:48:44 --> Class 'App\Models\RecordModel' not found
in APPPATH\Controllers\Record.php on line 11.
 1 SYSTEMPATH\CodeIgniter.php(896): App\Controllers\Record->index()
 2 SYSTEMPATH\CodeIgniter.php(466): CodeIgniter\CodeIgniter->runController(Object(App\Controllers\Record))
 3 SYSTEMPATH\CodeIgniter.php(349): CodeIgniter\CodeIgniter->handleRequest(null, Object(Config\Cache), false)
 4 FCPATH\index.php(55): CodeIgniter\CodeIgniter->run()
CRITICAL - 2022-08-22 03:48:46 --> Class 'App\Models\RecordModel' not found
in APPPATH\Controllers\Record.php on line 11.
 1 SYSTEMPATH\CodeIgniter.php(896): App\Controllers\Record->index()
 2 SYSTEMPATH\CodeIgniter.php(466): CodeIgniter\CodeIgniter->runController(Object(App\Controllers\Record))
 3 SYSTEMPATH\CodeIgniter.php(349): CodeIgniter\CodeIgniter->handleRequest(null, Object(Config\Cache), false)
 4 FCPATH\index.php(55): CodeIgniter\CodeIgniter->run()
CRITICAL - 2022-08-22 03:49:32 --> Class 'App\Models\RecordModel' not found
in APPPATH\Controllers\Record.php on line 36.
 1 SYSTEMPATH\CodeIgniter.php(896): App\Controllers\Record->show('index')
 2 SYSTEMPATH\CodeIgniter.php(466): CodeIgniter\CodeIgniter->runController(Object(App\Controllers\Record))
 3 SYSTEMPATH\CodeIgniter.php(349): CodeIgniter\CodeIgniter->handleRequest(null, Object(Config\Cache), false)
 4 FCPATH\index.php(55): CodeIgniter\CodeIgniter->run()
CRITICAL - 2022-08-22 03:49:42 --> Class 'App\Models\RecordModel' not found
in APPPATH\Controllers\Record.php on line 11.
 1 SYSTEMPATH\CodeIgniter.php(896): App\Controllers\Record->index()
 2 SYSTEMPATH\CodeIgniter.php(466): CodeIgniter\CodeIgniter->runController(Object(App\Controllers\Record))
 3 SYSTEMPATH\CodeIgniter.php(349): CodeIgniter\CodeIgniter->handleRequest(null, Object(Config\Cache), false)
 4 FCPATH\index.php(55): CodeIgniter\CodeIgniter->run()
CRITICAL - 2022-08-22 03:52:46 --> Class 'App\Models\RecordModel' not found
in APPPATH\Controllers\Record.php on line 51.
 1 SYSTEMPATH\CodeIgniter.php(896): App\Controllers\Record->update('create')
 2 SYSTEMPATH\CodeIgniter.php(466): CodeIgniter\CodeIgniter->runController(Object(App\Controllers\Record))
 3 SYSTEMPATH\CodeIgniter.php(349): CodeIgniter\CodeIgniter->handleRequest(null, Object(Config\Cache), false)
 4 FCPATH\index.php(55): CodeIgniter\CodeIgniter->run()
CRITICAL - 2022-08-22 03:53:25 --> Class 'App\Models\RecordModel' not found
in APPPATH\Controllers\Record.php on line 51.
 1 SYSTEMPATH\CodeIgniter.php(896): App\Controllers\Record->update('create')
 2 SYSTEMPATH\CodeIgniter.php(466): CodeIgniter\CodeIgniter->runController(Object(App\Controllers\Record))
 3 SYSTEMPATH\CodeIgniter.php(349): CodeIgniter\CodeIgniter->handleRequest(null, Object(Config\Cache), false)
 4 FCPATH\index.php(55): CodeIgniter\CodeIgniter->run()
CRITICAL - 2022-08-22 04:36:00 --> Class 'App\Models\RecordModel' not found
in APPPATH\Controllers\Record.php on line 32.
 1 SYSTEMPATH\CodeIgniter.php(896): App\Controllers\Record->show('create')
 2 SYSTEMPATH\CodeIgniter.php(466): CodeIgniter\CodeIgniter->runController(Object(App\Controllers\Record))
 3 SYSTEMPATH\CodeIgniter.php(349): CodeIgniter\CodeIgniter->handleRequest(null, Object(Config\Cache), false)
 4 FCPATH\index.php(55): CodeIgniter\CodeIgniter->run()
CRITICAL - 2022-08-22 04:36:15 --> Class 'App\Models\RecordModel' not found
in APPPATH\Controllers\Record.php on line 32.
 1 SYSTEMPATH\CodeIgniter.php(896): App\Controllers\Record->show('create')
 2 SYSTEMPATH\CodeIgniter.php(466): CodeIgniter\CodeIgniter->runController(Object(App\Controllers\Record))
 3 SYSTEMPATH\CodeIgniter.php(349): CodeIgniter\CodeIgniter->handleRequest(null, Object(Config\Cache), false)
 4 FCPATH\index.php(55): CodeIgniter\CodeIgniter->run()
CRITICAL - 2022-08-22 04:41:54 --> Class 'App\Models\RecordModel' not found
in APPPATH\Controllers\Record.php on line 32.
 1 SYSTEMPATH\CodeIgniter.php(896): App\Controllers\Record->show('create')
 2 SYSTEMPATH\CodeIgniter.php(466): CodeIgniter\CodeIgniter->runController(Object(App\Controllers\Record))
 3 SYSTEMPATH\CodeIgniter.php(349): CodeIgniter\CodeIgniter->handleRequest(null, Object(Config\Cache), false)
 4 FCPATH\index.php(55): CodeIgniter\CodeIgniter->run()
CRITICAL - 2022-08-22 04:42:05 --> Class 'App\Models\RecordModel' not found
in APPPATH\Controllers\Record.php on line 32.
 1 SYSTEMPATH\CodeIgniter.php(896): App\Controllers\Record->show('create')
 2 SYSTEMPATH\CodeIgniter.php(466): CodeIgniter\CodeIgniter->runController(Object(App\Controllers\Record))
 3 SYSTEMPATH\CodeIgniter.php(349): CodeIgniter\CodeIgniter->handleRequest(null, Object(Config\Cache), false)
 4 FCPATH\index.php(55): CodeIgniter\CodeIgniter->run()
CRITICAL - 2022-08-22 04:50:36 --> syntax error, unexpected '}'
in APPPATH\Controllers\Records.php on line 257.
 1 SYSTEMPATH\Autoloader\Autoloader.php(261): CodeIgniter\Autoloader\Autoloader->includeFile('APPPATH\\Controllers\\Records.php')
 2 SYSTEMPATH\Autoloader\Autoloader.php(239): CodeIgniter\Autoloader\Autoloader->loadInNamespace('App\\Controllers\\Records')
 3 [internal function]: CodeIgniter\Autoloader\Autoloader->loadClass('App\\Controllers\\Records')
 4 [internal function]: spl_autoload_call('App\\Controllers\\Records')
 5 SYSTEMPATH\CodeIgniter.php(846): class_exists('\\App\\Controllers\\Records', true)
 6 SYSTEMPATH\CodeIgniter.php(453): CodeIgniter\CodeIgniter->startController()
 7 SYSTEMPATH\CodeIgniter.php(349): CodeIgniter\CodeIgniter->handleRequest(null, Object(Config\Cache), false)
 8 FCPATH\index.php(55): CodeIgniter\CodeIgniter->run()
CRITICAL - 2022-08-22 04:57:30 --> Class 'App\Models\RecordModel' not found
in APPPATH\Controllers\Record.php on line 42.
 1 SYSTEMPATH\CodeIgniter.php(896): App\Controllers\Record->update('create')
 2 SYSTEMPATH\CodeIgniter.php(466): CodeIgniter\CodeIgniter->runController(Object(App\Controllers\Record))
 3 SYSTEMPATH\CodeIgniter.php(349): CodeIgniter\CodeIgniter->handleRequest(null, Object(Config\Cache), false)
 4 FCPATH\index.php(55): CodeIgniter\CodeIgniter->run()
CRITICAL - 2022-08-22 04:59:24 --> Class 'App\Models\RecordModel' not found
in APPPATH\Controllers\Record.php on line 32.
 1 SYSTEMPATH\CodeIgniter.php(896): App\Controllers\Record->show('create')
 2 SYSTEMPATH\CodeIgniter.php(466): CodeIgniter\CodeIgniter->runController(Object(App\Controllers\Record))
 3 SYSTEMPATH\CodeIgniter.php(349): CodeIgniter\CodeIgniter->handleRequest(null, Object(Config\Cache), false)
 4 FCPATH\index.php(55): CodeIgniter\CodeIgniter->run()
CRITICAL - 2022-08-22 04:59:26 --> Class 'App\Models\RecordModel' not found
in APPPATH\Controllers\Record.php on line 32.
 1 SYSTEMPATH\CodeIgniter.php(896): App\Controllers\Record->show('create')
 2 SYSTEMPATH\CodeIgniter.php(466): CodeIgniter\CodeIgniter->runController(Object(App\Controllers\Record))
 3 SYSTEMPATH\CodeIgniter.php(349): CodeIgniter\CodeIgniter->handleRequest(null, Object(Config\Cache), false)
 4 FCPATH\index.php(55): CodeIgniter\CodeIgniter->run()
CRITICAL - 2022-08-22 04:59:26 --> Class 'App\Models\RecordModel' not found
in APPPATH\Controllers\Record.php on line 32.
 1 SYSTEMPATH\CodeIgniter.php(896): App\Controllers\Record->show('create')
 2 SYSTEMPATH\CodeIgniter.php(466): CodeIgniter\CodeIgniter->runController(Object(App\Controllers\Record))
 3 SYSTEMPATH\CodeIgniter.php(349): CodeIgniter\CodeIgniter->handleRequest(null, Object(Config\Cache), false)
 4 FCPATH\index.php(55): CodeIgniter\CodeIgniter->run()
CRITICAL - 2022-08-22 05:04:46 --> Class 'App\Models\RecordModel' not found
in APPPATH\Controllers\Record.php on line 32.
 1 SYSTEMPATH\CodeIgniter.php(896): App\Controllers\Record->show('create')
 2 SYSTEMPATH\CodeIgniter.php(466): CodeIgniter\CodeIgniter->runController(Object(App\Controllers\Record))
 3 SYSTEMPATH\CodeIgniter.php(349): CodeIgniter\CodeIgniter->handleRequest(null, Object(Config\Cache), false)
 4 FCPATH\index.php(55): CodeIgniter\CodeIgniter->run()
CRITICAL - 2022-08-22 05:08:47 --> Class 'App\Models\RecordModel' not found
in APPPATH\Controllers\Record.php on line 32.
 1 SYSTEMPATH\CodeIgniter.php(896): App\Controllers\Record->show('create')
 2 SYSTEMPATH\CodeIgniter.php(466): CodeIgniter\CodeIgniter->runController(Object(App\Controllers\Record))
 3 SYSTEMPATH\CodeIgniter.php(349): CodeIgniter\CodeIgniter->handleRequest(null, Object(Config\Cache), false)
 4 FCPATH\index.php(55): CodeIgniter\CodeIgniter->run()
CRITICAL - 2022-08-22 05:15:36 --> syntax error, unexpected '}'
in APPPATH\Controllers\Records.php on line 257.
 1 SYSTEMPATH\Autoloader\Autoloader.php(261): CodeIgniter\Autoloader\Autoloader->includeFile('APPPATH\\Controllers\\Records.php')
 2 SYSTEMPATH\Autoloader\Autoloader.php(239): CodeIgniter\Autoloader\Autoloader->loadInNamespace('App\\Controllers\\Records')
 3 [internal function]: CodeIgniter\Autoloader\Autoloader->loadClass('App\\Controllers\\Records')
 4 [internal function]: spl_autoload_call('App\\Controllers\\Records')
 5 SYSTEMPATH\CodeIgniter.php(846): class_exists('\\App\\Controllers\\Records', true)
 6 SYSTEMPATH\CodeIgniter.php(453): CodeIgniter\CodeIgniter->startController()
 7 SYSTEMPATH\CodeIgniter.php(349): CodeIgniter\CodeIgniter->handleRequest(null, Object(Config\Cache), false)
 8 FCPATH\index.php(55): CodeIgniter\CodeIgniter->run()
