CRITICAL - 2022-07-13 04:44:22 --> syntax error, unexpected end of file
in APPPATH\Views\users\view_users.php on line 68.
 1 SYSTEMPATH\View\View.php(216): CodeIgniter\View\View->CodeIgniter\View\{closure}()
 2 SYSTEMPATH\Common.php(1135): CodeIgniter\View\View->render('users/view_users', [], true)
 3 APPPATH\Controllers\Users.php(122): view('users/view_users', [...])
 4 SYSTEMPATH\CodeIgniter.php(896): App\Controllers\Users->view_users()
 5 SYSTEMPATH\CodeIgniter.php(466): CodeIgniter\CodeIgniter->runController(Object(App\Controllers\Users))
 6 SYSTEMPATH\CodeIgniter.php(349): CodeIgniter\CodeIgniter->handleRequest(null, Object(Config\Cache), false)
 7 FCPATH\index.php(55): CodeIgniter\CodeIgniter->run()
CRITICAL - 2022-07-13 04:44:56 --> syntax error, unexpected end of file
in APPPATH\Views\users\view_users.php on line 68.
 1 SYSTEMPATH\View\View.php(216): CodeIgniter\View\View->CodeIgniter\View\{closure}()
 2 SYSTEMPATH\Common.php(1135): CodeIgniter\View\View->render('users/view_users', [], true)
 3 APPPATH\Controllers\Users.php(122): view('users/view_users', [...])
 4 SYSTEMPATH\CodeIgniter.php(896): App\Controllers\Users->view_users()
 5 SYSTEMPATH\CodeIgniter.php(466): CodeIgniter\CodeIgniter->runController(Object(App\Controllers\Users))
 6 SYSTEMPATH\CodeIgniter.php(349): CodeIgniter\CodeIgniter->handleRequest(null, Object(Config\Cache), false)
 7 FCPATH\index.php(55): CodeIgniter\CodeIgniter->run()
CRITICAL - 2022-07-13 04:45:02 --> syntax error, unexpected end of file
in APPPATH\Views\users\view_users.php on line 68.
 1 SYSTEMPATH\View\View.php(216): CodeIgniter\View\View->CodeIgniter\View\{closure}()
 2 SYSTEMPATH\Common.php(1135): CodeIgniter\View\View->render('users/view_users', [], true)
 3 APPPATH\Controllers\Users.php(122): view('users/view_users', [...])
 4 SYSTEMPATH\CodeIgniter.php(896): App\Controllers\Users->view_users()
 5 SYSTEMPATH\CodeIgniter.php(466): CodeIgniter\CodeIgniter->runController(Object(App\Controllers\Users))
 6 SYSTEMPATH\CodeIgniter.php(349): CodeIgniter\CodeIgniter->handleRequest(null, Object(Config\Cache), false)
 7 FCPATH\index.php(55): CodeIgniter\CodeIgniter->run()
ERROR - 2022-07-13 05:14:04 --> Unknown column 'title' in 'field list'
ERROR - 2022-07-13 05:18:19 --> Unknown column 'title' in 'field list'
