CRITICAL - 2022-07-04 14:07:06 --> The framework needs the following extension(s) installed and loaded: intl.
in SYSTEMPATH\CodeIgniter.php on line 231.
 1 SYSTEMPATH\CodeIgniter.php(231): CodeIgniter\Exceptions\FrameworkException::forMissingExtension('intl')
 2 SYSTEMPATH\CodeIgniter.php(189): CodeIgniter\CodeIgniter->resolvePlatformExtensions()
 3 FCPATH\index.php(43): CodeIgniter\CodeIgniter->initialize()
CRITICAL - 2022-07-04 14:07:06 --> The framework needs the following extension(s) installed and loaded: intl.
in SYSTEMPATH\CodeIgniter.php on line 231.
 1 SYSTEMPATH\CodeIgniter.php(231): CodeIgniter\Exceptions\FrameworkException::forMissingExtension('intl')
 2 SYSTEMPATH\CodeIgniter.php(189): CodeIgniter\CodeIgniter->resolvePlatformExtensions()
 3 FCPATH\index.php(43): CodeIgniter\CodeIgniter->initialize()
CRITICAL - 2022-07-04 14:08:17 --> The framework needs the following extension(s) installed and loaded: intl.
in SYSTEMPATH\CodeIgniter.php on line 231.
 1 SYSTEMPATH\CodeIgniter.php(231): CodeIgniter\Exceptions\FrameworkException::forMissingExtension('intl')
 2 SYSTEMPATH\CodeIgniter.php(189): CodeIgniter\CodeIgniter->resolvePlatformExtensions()
 3 FCPATH\index.php(43): CodeIgniter\CodeIgniter->initialize()
CRITICAL - 2022-07-04 14:08:52 --> The framework needs the following extension(s) installed and loaded: intl.
in SYSTEMPATH\CodeIgniter.php on line 231.
 1 SYSTEMPATH\CodeIgniter.php(231): CodeIgniter\Exceptions\FrameworkException::forMissingExtension('intl')
 2 SYSTEMPATH\CodeIgniter.php(189): CodeIgniter\CodeIgniter->resolvePlatformExtensions()
 3 FCPATH\index.php(43): CodeIgniter\CodeIgniter->initialize()
CRITICAL - 2022-07-04 14:08:57 --> The framework needs the following extension(s) installed and loaded: intl.
in SYSTEMPATH\CodeIgniter.php on line 231.
 1 SYSTEMPATH\CodeIgniter.php(231): CodeIgniter\Exceptions\FrameworkException::forMissingExtension('intl')
 2 SYSTEMPATH\CodeIgniter.php(189): CodeIgniter\CodeIgniter->resolvePlatformExtensions()
 3 FCPATH\index.php(43): CodeIgniter\CodeIgniter->initialize()
CRITICAL - 2022-07-04 14:09:16 --> The framework needs the following extension(s) installed and loaded: intl.
in SYSTEMPATH\CodeIgniter.php on line 231.
 1 SYSTEMPATH\CodeIgniter.php(231): CodeIgniter\Exceptions\FrameworkException::forMissingExtension('intl')
 2 SYSTEMPATH\CodeIgniter.php(189): CodeIgniter\CodeIgniter->resolvePlatformExtensions()
 3 FCPATH\index.php(43): CodeIgniter\CodeIgniter->initialize()
CRITICAL - 2022-07-04 14:09:20 --> The framework needs the following extension(s) installed and loaded: intl.
in SYSTEMPATH\CodeIgniter.php on line 231.
 1 SYSTEMPATH\CodeIgniter.php(231): CodeIgniter\Exceptions\FrameworkException::forMissingExtension('intl')
 2 SYSTEMPATH\CodeIgniter.php(189): CodeIgniter\CodeIgniter->resolvePlatformExtensions()
 3 FCPATH\index.php(43): CodeIgniter\CodeIgniter->initialize()
CRITICAL - 2022-07-04 14:09:57 --> The framework needs the following extension(s) installed and loaded: intl.
in SYSTEMPATH\CodeIgniter.php on line 231.
 1 SYSTEMPATH\CodeIgniter.php(231): CodeIgniter\Exceptions\FrameworkException::forMissingExtension('intl')
 2 SYSTEMPATH\CodeIgniter.php(189): CodeIgniter\CodeIgniter->resolvePlatformExtensions()
 3 FCPATH\index.php(43): CodeIgniter\CodeIgniter->initialize()
CRITICAL - 2022-07-04 14:10:03 --> The framework needs the following extension(s) installed and loaded: intl.
in SYSTEMPATH\CodeIgniter.php on line 231.
 1 SYSTEMPATH\CodeIgniter.php(231): CodeIgniter\Exceptions\FrameworkException::forMissingExtension('intl')
 2 SYSTEMPATH\CodeIgniter.php(189): CodeIgniter\CodeIgniter->resolvePlatformExtensions()
 3 FCPATH\index.php(43): CodeIgniter\CodeIgniter->initialize()
CRITICAL - 2022-07-04 14:10:16 --> The framework needs the following extension(s) installed and loaded: intl.
in SYSTEMPATH\CodeIgniter.php on line 231.
 1 SYSTEMPATH\CodeIgniter.php(231): CodeIgniter\Exceptions\FrameworkException::forMissingExtension('intl')
 2 SYSTEMPATH\CodeIgniter.php(189): CodeIgniter\CodeIgniter->resolvePlatformExtensions()
 3 FCPATH\index.php(43): CodeIgniter\CodeIgniter->initialize()
CRITICAL - 2022-07-04 14:10:17 --> The framework needs the following extension(s) installed and loaded: intl.
in SYSTEMPATH\CodeIgniter.php on line 231.
 1 SYSTEMPATH\CodeIgniter.php(231): CodeIgniter\Exceptions\FrameworkException::forMissingExtension('intl')
 2 SYSTEMPATH\CodeIgniter.php(189): CodeIgniter\CodeIgniter->resolvePlatformExtensions()
 3 FCPATH\index.php(43): CodeIgniter\CodeIgniter->initialize()
CRITICAL - 2022-07-04 14:11:43 --> The framework needs the following extension(s) installed and loaded: intl.
in SYSTEMPATH\CodeIgniter.php on line 231.
 1 SYSTEMPATH\CodeIgniter.php(231): CodeIgniter\Exceptions\FrameworkException::forMissingExtension('intl')
 2 SYSTEMPATH\CodeIgniter.php(189): CodeIgniter\CodeIgniter->resolvePlatformExtensions()
 3 FCPATH\index.php(43): CodeIgniter\CodeIgniter->initialize()
CRITICAL - 2022-07-04 14:13:29 --> The framework needs the following extension(s) installed and loaded: intl.
in SYSTEMPATH\CodeIgniter.php on line 231.
 1 SYSTEMPATH\CodeIgniter.php(231): CodeIgniter\Exceptions\FrameworkException::forMissingExtension('intl')
 2 SYSTEMPATH\CodeIgniter.php(189): CodeIgniter\CodeIgniter->resolvePlatformExtensions()
 3 FCPATH\index.php(43): CodeIgniter\CodeIgniter->initialize()
CRITICAL - 2022-07-04 17:12:45 --> The framework needs the following extension(s) installed and loaded: intl.
in SYSTEMPATH\CodeIgniter.php on line 231.
 1 SYSTEMPATH\CodeIgniter.php(231): CodeIgniter\Exceptions\FrameworkException::forMissingExtension('intl')
 2 SYSTEMPATH\CodeIgniter.php(189): CodeIgniter\CodeIgniter->resolvePlatformExtensions()
 3 FCPATH\index.php(43): CodeIgniter\CodeIgniter->initialize()
CRITICAL - 2022-07-04 17:13:10 --> The framework needs the following extension(s) installed and loaded: intl.
in SYSTEMPATH\CodeIgniter.php on line 231.
 1 SYSTEMPATH\CodeIgniter.php(231): CodeIgniter\Exceptions\FrameworkException::forMissingExtension('intl')
 2 SYSTEMPATH\CodeIgniter.php(189): CodeIgniter\CodeIgniter->resolvePlatformExtensions()
 3 FCPATH\index.php(43): CodeIgniter\CodeIgniter->initialize()
CRITICAL - 2022-07-04 10:18:57 --> Maximum execution time of 120 seconds exceeded
in SYSTEMPATH\Debug\Exceptions.php on line 142.
 1 [internal function]: CodeIgniter\Debug\Exceptions->shutdownHandler()
CRITICAL - 2022-07-04 10:18:57 --> Maximum execution time of 120 seconds exceeded
in SYSTEMPATH\Session\Handlers\FileHandler.php on line 135.
 1 [internal function]: CodeIgniter\Debug\Exceptions->shutdownHandler()
CRITICAL - 2022-07-04 10:18:57 --> Maximum execution time of 120 seconds exceeded
in SYSTEMPATH\Session\Handlers\FileHandler.php on line 135.
 1 [internal function]: CodeIgniter\Debug\Exceptions->shutdownHandler()
CRITICAL - 2022-07-04 10:31:21 --> syntax error, unexpected '?>', expecting function (T_FUNCTION) or const (T_CONST)
in APPPATH\Controllers\Login.php on line 73.
 1 SYSTEMPATH\Autoloader\Autoloader.php(261): CodeIgniter\Autoloader\Autoloader->includeFile('APPPATH\\Controllers\\Login.php')
 2 SYSTEMPATH\Autoloader\Autoloader.php(239): CodeIgniter\Autoloader\Autoloader->loadInNamespace('App\\Controllers\\Login')
 3 [internal function]: CodeIgniter\Autoloader\Autoloader->loadClass('App\\Controllers\\Login')
 4 [internal function]: spl_autoload_call('App\\Controllers\\Login')
 5 SYSTEMPATH\CodeIgniter.php(846): class_exists('\\App\\Controllers\\Login', true)
 6 SYSTEMPATH\CodeIgniter.php(453): CodeIgniter\CodeIgniter->startController()
 7 SYSTEMPATH\CodeIgniter.php(349): CodeIgniter\CodeIgniter->handleRequest(null, Object(Config\Cache), false)
 8 FCPATH\index.php(55): CodeIgniter\CodeIgniter->run()
CRITICAL - 2022-07-04 10:31:23 --> syntax error, unexpected '?>', expecting function (T_FUNCTION) or const (T_CONST)
in APPPATH\Controllers\Login.php on line 73.
 1 SYSTEMPATH\Autoloader\Autoloader.php(261): CodeIgniter\Autoloader\Autoloader->includeFile('APPPATH\\Controllers\\Login.php')
 2 SYSTEMPATH\Autoloader\Autoloader.php(239): CodeIgniter\Autoloader\Autoloader->loadInNamespace('App\\Controllers\\Login')
 3 [internal function]: CodeIgniter\Autoloader\Autoloader->loadClass('App\\Controllers\\Login')
 4 [internal function]: spl_autoload_call('App\\Controllers\\Login')
 5 SYSTEMPATH\CodeIgniter.php(846): class_exists('\\App\\Controllers\\Login', true)
 6 SYSTEMPATH\CodeIgniter.php(453): CodeIgniter\CodeIgniter->startController()
 7 SYSTEMPATH\CodeIgniter.php(349): CodeIgniter\CodeIgniter->handleRequest(null, Object(Config\Cache), false)
 8 FCPATH\index.php(55): CodeIgniter\CodeIgniter->run()
CRITICAL - 2022-07-04 10:31:25 --> syntax error, unexpected '?>', expecting function (T_FUNCTION) or const (T_CONST)
in APPPATH\Controllers\Login.php on line 73.
 1 SYSTEMPATH\Autoloader\Autoloader.php(261): CodeIgniter\Autoloader\Autoloader->includeFile('APPPATH\\Controllers\\Login.php')
 2 SYSTEMPATH\Autoloader\Autoloader.php(239): CodeIgniter\Autoloader\Autoloader->loadInNamespace('App\\Controllers\\Login')
 3 [internal function]: CodeIgniter\Autoloader\Autoloader->loadClass('App\\Controllers\\Login')
 4 [internal function]: spl_autoload_call('App\\Controllers\\Login')
 5 SYSTEMPATH\CodeIgniter.php(846): class_exists('\\App\\Controllers\\Login', true)
 6 SYSTEMPATH\CodeIgniter.php(453): CodeIgniter\CodeIgniter->startController()
 7 SYSTEMPATH\CodeIgniter.php(349): CodeIgniter\CodeIgniter->handleRequest(null, Object(Config\Cache), false)
 8 FCPATH\index.php(55): CodeIgniter\CodeIgniter->run()
CRITICAL - 2022-07-04 10:32:28 --> Maximum execution time of 120 seconds exceeded
in SYSTEMPATH\Debug\Exceptions.php on line 142.
 1 [internal function]: CodeIgniter\Debug\Exceptions->shutdownHandler()
CRITICAL - 2022-07-04 10:32:28 --> Maximum execution time of 120 seconds exceeded
in SYSTEMPATH\Session\Handlers\FileHandler.php on line 135.
 1 [internal function]: CodeIgniter\Debug\Exceptions->shutdownHandler()
CRITICAL - 2022-07-04 10:32:28 --> Maximum execution time of 120 seconds exceeded
in SYSTEMPATH\Session\Handlers\FileHandler.php on line 135.
 1 [internal function]: CodeIgniter\Debug\Exceptions->shutdownHandler()
CRITICAL - 2022-07-04 10:32:28 --> Maximum execution time of 120 seconds exceeded
in SYSTEMPATH\Session\Handlers\FileHandler.php on line 135.
 1 [internal function]: CodeIgniter\Debug\Exceptions->shutdownHandler()
CRITICAL - 2022-07-04 10:41:39 -->  route cannot be found while reverse-routing.
in SYSTEMPATH\HTTP\RedirectResponse.php on line 56.
 1 SYSTEMPATH\HTTP\RedirectResponse.php(56): CodeIgniter\HTTP\Exceptions\HTTPException::forInvalidRedirectRoute('ROOTPATH\\public')
 2 SYSTEMPATH\Common.php(863): CodeIgniter\HTTP\RedirectResponse->route(false)
 3 APPPATH\Controllers\Login.php(52): redirect('Notes/view_notes')
 4 SYSTEMPATH\CodeIgniter.php(896): App\Controllers\Login->login_submit()
 5 SYSTEMPATH\CodeIgniter.php(466): CodeIgniter\CodeIgniter->runController(Object(App\Controllers\Login))
 6 SYSTEMPATH\CodeIgniter.php(349): CodeIgniter\CodeIgniter->handleRequest(null, Object(Config\Cache), false)
 7 FCPATH\index.php(55): CodeIgniter\CodeIgniter->run()
