CRITICAL - 2022-10-14 09:00:25 --> Class "App\Models\RecordModel" not found
in APPPATH/Controllers/Record.php on line 123.
 1 SYSTEMPATH/CodeIgniter.php(896): App\Controllers\Record->show('create')
 2 SYSTEMPATH/CodeIgniter.php(466): CodeIgniter\CodeIgniter->runController(Object(App\Controllers\Record))
 3 SYSTEMPATH/CodeIgniter.php(349): CodeIgniter\CodeIgniter->handleRequest(null, Object(Config\Cache), false)
 4 FCPATH/index.php(55): CodeIgniter\CodeIgniter->run()
CRITICAL - 2022-10-14 09:02:46 --> Class "App\Models\RecordModel" not found
in APPPATH/Controllers/Record.php on line 123.
 1 SYSTEMPATH/CodeIgniter.php(896): App\Controllers\Record->show('create')
 2 SYSTEMPATH/CodeIgniter.php(466): CodeIgniter\CodeIgniter->runController(Object(App\Controllers\Record))
 3 SYSTEMPATH/CodeIgniter.php(349): CodeIgniter\CodeIgniter->handleRequest(null, Object(Config\Cache), false)
 4 FCPATH/index.php(55): CodeIgniter\CodeIgniter->run()
CRITICAL - 2022-10-14 09:02:48 --> Class "App\Models\RecordModel" not found
in APPPATH/Controllers/Record.php on line 123.
 1 SYSTEMPATH/CodeIgniter.php(896): App\Controllers\Record->show('create', 'image')
 2 SYSTEMPATH/CodeIgniter.php(466): CodeIgniter\CodeIgniter->runController(Object(App\Controllers\Record))
 3 SYSTEMPATH/CodeIgniter.php(349): CodeIgniter\CodeIgniter->handleRequest(null, Object(Config\Cache), false)
 4 FCPATH/index.php(55): CodeIgniter\CodeIgniter->run()
CRITICAL - 2022-10-14 09:03:21 --> Class "App\Models\RecordModel" not found
in APPPATH/Controllers/Record.php on line 123.
 1 SYSTEMPATH/CodeIgniter.php(896): App\Controllers\Record->show('login')
 2 SYSTEMPATH/CodeIgniter.php(466): CodeIgniter\CodeIgniter->runController(Object(App\Controllers\Record))
 3 SYSTEMPATH/CodeIgniter.php(349): CodeIgniter\CodeIgniter->handleRequest(null, Object(Config\Cache), false)
 4 FCPATH/index.php(55): CodeIgniter\CodeIgniter->run()
