CRITICAL - 2022-08-29 03:07:15 --> Class 'App\Models\RecordModel' not found
in APPPATH\Controllers\Record.php on line 38.
 1 SYSTEMPATH\CodeIgniter.php(896): App\Controllers\Record->create()
 2 SYSTEMPATH\CodeIgniter.php(466): CodeIgniter\CodeIgniter->runController(Object(App\Controllers\Record))
 3 SYSTEMPATH\CodeIgniter.php(349): CodeIgniter\CodeIgniter->handleRequest(null, Object(Config\Cache), false)
 4 FCPATH\index.php(55): CodeIgniter\CodeIgniter->run()
CRITICAL - 2022-08-29 03:09:37 --> Class 'App\Models\RecordModel' not found
in APPPATH\Controllers\Record.php on line 43.
 1 SYSTEMPATH\CodeIgniter.php(896): App\Controllers\Record->create()
 2 SYSTEMPATH\CodeIgniter.php(466): CodeIgniter\CodeIgniter->runController(Object(App\Controllers\Record))
 3 SYSTEMPATH\CodeIgniter.php(349): CodeIgniter\CodeIgniter->handleRequest(null, Object(Config\Cache), false)
 4 FCPATH\index.php(55): CodeIgniter\CodeIgniter->run()
CRITICAL - 2022-08-29 03:09:38 --> Class 'App\Models\RecordModel' not found
in APPPATH\Controllers\Record.php on line 43.
 1 SYSTEMPATH\CodeIgniter.php(896): App\Controllers\Record->create()
 2 SYSTEMPATH\CodeIgniter.php(466): CodeIgniter\CodeIgniter->runController(Object(App\Controllers\Record))
 3 SYSTEMPATH\CodeIgniter.php(349): CodeIgniter\CodeIgniter->handleRequest(null, Object(Config\Cache), false)
 4 FCPATH\index.php(55): CodeIgniter\CodeIgniter->run()
CRITICAL - 2022-08-29 03:19:37 --> Call to a member function getRandomName() on null
in APPPATH\Controllers\Record.php on line 39.
 1 SYSTEMPATH\CodeIgniter.php(896): App\Controllers\Record->create()
 2 SYSTEMPATH\CodeIgniter.php(466): CodeIgniter\CodeIgniter->runController(Object(App\Controllers\Record))
 3 SYSTEMPATH\CodeIgniter.php(349): CodeIgniter\CodeIgniter->handleRequest(null, Object(Config\Cache), false)
 4 FCPATH\index.php(55): CodeIgniter\CodeIgniter->run()
CRITICAL - 2022-08-29 03:19:54 --> Call to a member function getRandomName() on null
in APPPATH\Controllers\Record.php on line 37.
 1 SYSTEMPATH\CodeIgniter.php(896): App\Controllers\Record->create()
 2 SYSTEMPATH\CodeIgniter.php(466): CodeIgniter\CodeIgniter->runController(Object(App\Controllers\Record))
 3 SYSTEMPATH\CodeIgniter.php(349): CodeIgniter\CodeIgniter->handleRequest(null, Object(Config\Cache), false)
 4 FCPATH\index.php(55): CodeIgniter\CodeIgniter->run()
CRITICAL - 2022-08-29 03:21:29 --> Call to a member function getRandomName() on null
in APPPATH\Controllers\Record.php on line 37.
 1 SYSTEMPATH\CodeIgniter.php(896): App\Controllers\Record->create()
 2 SYSTEMPATH\CodeIgniter.php(466): CodeIgniter\CodeIgniter->runController(Object(App\Controllers\Record))
 3 SYSTEMPATH\CodeIgniter.php(349): CodeIgniter\CodeIgniter->handleRequest(null, Object(Config\Cache), false)
 4 FCPATH\index.php(55): CodeIgniter\CodeIgniter->run()
CRITICAL - 2022-08-29 03:21:30 --> Call to a member function getRandomName() on null
in APPPATH\Controllers\Record.php on line 37.
 1 SYSTEMPATH\CodeIgniter.php(896): App\Controllers\Record->create()
 2 SYSTEMPATH\CodeIgniter.php(466): CodeIgniter\CodeIgniter->runController(Object(App\Controllers\Record))
 3 SYSTEMPATH\CodeIgniter.php(349): CodeIgniter\CodeIgniter->handleRequest(null, Object(Config\Cache), false)
 4 FCPATH\index.php(55): CodeIgniter\CodeIgniter->run()
CRITICAL - 2022-08-29 03:22:57 --> Call to a member function getName() on null
in APPPATH\Controllers\Record.php on line 39.
 1 SYSTEMPATH\CodeIgniter.php(896): App\Controllers\Record->create()
 2 SYSTEMPATH\CodeIgniter.php(466): CodeIgniter\CodeIgniter->runController(Object(App\Controllers\Record))
 3 SYSTEMPATH\CodeIgniter.php(349): CodeIgniter\CodeIgniter->handleRequest(null, Object(Config\Cache), false)
 4 FCPATH\index.php(55): CodeIgniter\CodeIgniter->run()
CRITICAL - 2022-08-29 03:22:59 --> Call to a member function getName() on null
in APPPATH\Controllers\Record.php on line 39.
 1 SYSTEMPATH\CodeIgniter.php(896): App\Controllers\Record->create()
 2 SYSTEMPATH\CodeIgniter.php(466): CodeIgniter\CodeIgniter->runController(Object(App\Controllers\Record))
 3 SYSTEMPATH\CodeIgniter.php(349): CodeIgniter\CodeIgniter->handleRequest(null, Object(Config\Cache), false)
 4 FCPATH\index.php(55): CodeIgniter\CodeIgniter->run()
CRITICAL - 2022-08-29 03:23:26 --> Call to a member function getName() on null
in APPPATH\Controllers\Record.php on line 39.
 1 SYSTEMPATH\CodeIgniter.php(896): App\Controllers\Record->create()
 2 SYSTEMPATH\CodeIgniter.php(466): CodeIgniter\CodeIgniter->runController(Object(App\Controllers\Record))
 3 SYSTEMPATH\CodeIgniter.php(349): CodeIgniter\CodeIgniter->handleRequest(null, Object(Config\Cache), false)
 4 FCPATH\index.php(55): CodeIgniter\CodeIgniter->run()
CRITICAL - 2022-08-29 03:23:55 --> Call to a member function getName() on null
in APPPATH\Controllers\Record.php on line 39.
 1 SYSTEMPATH\CodeIgniter.php(896): App\Controllers\Record->create()
 2 SYSTEMPATH\CodeIgniter.php(466): CodeIgniter\CodeIgniter->runController(Object(App\Controllers\Record))
 3 SYSTEMPATH\CodeIgniter.php(349): CodeIgniter\CodeIgniter->handleRequest(null, Object(Config\Cache), false)
 4 FCPATH\index.php(55): CodeIgniter\CodeIgniter->run()
CRITICAL - 2022-08-29 03:24:05 --> Call to a member function getName() on null
in APPPATH\Controllers\Record.php on line 39.
 1 SYSTEMPATH\CodeIgniter.php(896): App\Controllers\Record->create()
 2 SYSTEMPATH\CodeIgniter.php(466): CodeIgniter\CodeIgniter->runController(Object(App\Controllers\Record))
 3 SYSTEMPATH\CodeIgniter.php(349): CodeIgniter\CodeIgniter->handleRequest(null, Object(Config\Cache), false)
 4 FCPATH\index.php(55): CodeIgniter\CodeIgniter->run()
CRITICAL - 2022-08-29 03:24:34 --> Call to a member function getName() on null
in APPPATH\Controllers\Record.php on line 39.
 1 SYSTEMPATH\CodeIgniter.php(896): App\Controllers\Record->create()
 2 SYSTEMPATH\CodeIgniter.php(466): CodeIgniter\CodeIgniter->runController(Object(App\Controllers\Record))
 3 SYSTEMPATH\CodeIgniter.php(349): CodeIgniter\CodeIgniter->handleRequest(null, Object(Config\Cache), false)
 4 FCPATH\index.php(55): CodeIgniter\CodeIgniter->run()
CRITICAL - 2022-08-29 03:35:23 --> Call to a member function getName() on null
in APPPATH\Controllers\Record.php on line 39.
 1 SYSTEMPATH\CodeIgniter.php(896): App\Controllers\Record->create()
 2 SYSTEMPATH\CodeIgniter.php(466): CodeIgniter\CodeIgniter->runController(Object(App\Controllers\Record))
 3 SYSTEMPATH\CodeIgniter.php(349): CodeIgniter\CodeIgniter->handleRequest(null, Object(Config\Cache), false)
 4 FCPATH\index.php(55): CodeIgniter\CodeIgniter->run()
CRITICAL - 2022-08-29 03:35:37 --> Call to a member function getName() on null
in APPPATH\Controllers\Record.php on line 39.
 1 SYSTEMPATH\CodeIgniter.php(896): App\Controllers\Record->create()
 2 SYSTEMPATH\CodeIgniter.php(466): CodeIgniter\CodeIgniter->runController(Object(App\Controllers\Record))
 3 SYSTEMPATH\CodeIgniter.php(349): CodeIgniter\CodeIgniter->handleRequest(null, Object(Config\Cache), false)
 4 FCPATH\index.php(55): CodeIgniter\CodeIgniter->run()
CRITICAL - 2022-08-29 03:36:17 --> Call to a member function getName() on null
in APPPATH\Controllers\Record.php on line 39.
 1 SYSTEMPATH\CodeIgniter.php(896): App\Controllers\Record->create()
 2 SYSTEMPATH\CodeIgniter.php(466): CodeIgniter\CodeIgniter->runController(Object(App\Controllers\Record))
 3 SYSTEMPATH\CodeIgniter.php(349): CodeIgniter\CodeIgniter->handleRequest(null, Object(Config\Cache), false)
 4 FCPATH\index.php(55): CodeIgniter\CodeIgniter->run()
CRITICAL - 2022-08-29 03:36:29 --> Call to a member function getName() on null
in APPPATH\Controllers\Record.php on line 39.
 1 SYSTEMPATH\CodeIgniter.php(896): App\Controllers\Record->create()
 2 SYSTEMPATH\CodeIgniter.php(466): CodeIgniter\CodeIgniter->runController(Object(App\Controllers\Record))
 3 SYSTEMPATH\CodeIgniter.php(349): CodeIgniter\CodeIgniter->handleRequest(null, Object(Config\Cache), false)
 4 FCPATH\index.php(55): CodeIgniter\CodeIgniter->run()
CRITICAL - 2022-08-29 03:37:20 --> finfo_file(D:\xampp\tmp\phpA744.tmp): failed to open stream: No such file or directory
in SYSTEMPATH\Files\File.php on line 114.
 1 [internal function]: CodeIgniter\Debug\Exceptions->errorHandler(2, 'finfo_file(D:\\xampp\\tmp\\phpA744.tmp): failed to open stream: No such file or directory', 'SYSTEMPATH\\Files\\File.php', 114, [...])
 2 SYSTEMPATH\Files\File.php(114): finfo_file(resource (file_info), 'D:\\xampp\\tmp\\phpA744.tmp')
 3 SYSTEMPATH\HTTP\Files\UploadedFile.php(302): CodeIgniter\Files\File->getMimeType()
 4 SYSTEMPATH\HTTP\Files\UploadedFile.php(291): CodeIgniter\HTTP\Files\UploadedFile->guessExtension()
 5 SYSTEMPATH\Files\File.php(126): CodeIgniter\HTTP\Files\UploadedFile->getExtension()
 6 APPPATH\Controllers\Record.php(54): CodeIgniter\Files\File->getRandomName()
 7 SYSTEMPATH\CodeIgniter.php(896): App\Controllers\Record->create()
 8 SYSTEMPATH\CodeIgniter.php(466): CodeIgniter\CodeIgniter->runController(Object(App\Controllers\Record))
 9 SYSTEMPATH\CodeIgniter.php(349): CodeIgniter\CodeIgniter->handleRequest(null, Object(Config\Cache), false)
10 FCPATH\index.php(55): CodeIgniter\CodeIgniter->run()
