CRITICAL - 2022-07-15 01:05:19 --> Invalid argument supplied for foreach()
in APPPATH\Views\users\edit_user.php on line 37.
 1 APPPATH\Views\users\edit_user.php(37): CodeIgniter\Debug\Exceptions->errorHandler(2, 'Invalid argument supplied for foreach()', 'APPPATH\\Views\\users\\edit_user.php', 37, [...])
 2 SYSTEMPATH\View\View.php(213): include('APPPATH\\Views\\users\\edit_user.php')
 3 SYSTEMPATH\View\View.php(216): CodeIgniter\View\View->CodeIgniter\View\{closure}()
 4 SYSTEMPATH\Common.php(1135): CodeIgniter\View\View->render('users/edit_user', [], true)
 5 APPPATH\Controllers\Users.php(83): view('users/edit_user', [...])
 6 SYSTEMPATH\CodeIgniter.php(896): App\Controllers\Users->edit_user('1')
 7 SYSTEMPATH\CodeIgniter.php(466): CodeIgniter\CodeIgniter->runController(Object(App\Controllers\Users))
 8 SYSTEMPATH\CodeIgniter.php(349): CodeIgniter\CodeIgniter->handleRequest(null, Object(Config\Cache), false)
 9 FCPATH\index.php(55): CodeIgniter\CodeIgniter->run()
CRITICAL - 2022-07-15 01:06:23 --> Invalid argument supplied for foreach()
in APPPATH\Views\users\edit_user.php on line 37.
 1 APPPATH\Views\users\edit_user.php(37): CodeIgniter\Debug\Exceptions->errorHandler(2, 'Invalid argument supplied for foreach()', 'APPPATH\\Views\\users\\edit_user.php', 37, [...])
 2 SYSTEMPATH\View\View.php(213): include('APPPATH\\Views\\users\\edit_user.php')
 3 SYSTEMPATH\View\View.php(216): CodeIgniter\View\View->CodeIgniter\View\{closure}()
 4 SYSTEMPATH\Common.php(1135): CodeIgniter\View\View->render('users/edit_user', [], true)
 5 APPPATH\Controllers\Users.php(83): view('users/edit_user', [...])
 6 SYSTEMPATH\CodeIgniter.php(896): App\Controllers\Users->edit_user('1')
 7 SYSTEMPATH\CodeIgniter.php(466): CodeIgniter\CodeIgniter->runController(Object(App\Controllers\Users))
 8 SYSTEMPATH\CodeIgniter.php(349): CodeIgniter\CodeIgniter->handleRequest(null, Object(Config\Cache), false)
 9 FCPATH\index.php(55): CodeIgniter\CodeIgniter->run()
CRITICAL - 2022-07-15 01:06:24 --> Invalid argument supplied for foreach()
in APPPATH\Views\users\edit_user.php on line 37.
 1 APPPATH\Views\users\edit_user.php(37): CodeIgniter\Debug\Exceptions->errorHandler(2, 'Invalid argument supplied for foreach()', 'APPPATH\\Views\\users\\edit_user.php', 37, [...])
 2 SYSTEMPATH\View\View.php(213): include('APPPATH\\Views\\users\\edit_user.php')
 3 SYSTEMPATH\View\View.php(216): CodeIgniter\View\View->CodeIgniter\View\{closure}()
 4 SYSTEMPATH\Common.php(1135): CodeIgniter\View\View->render('users/edit_user', [], true)
 5 APPPATH\Controllers\Users.php(83): view('users/edit_user', [...])
 6 SYSTEMPATH\CodeIgniter.php(896): App\Controllers\Users->edit_user('1')
 7 SYSTEMPATH\CodeIgniter.php(466): CodeIgniter\CodeIgniter->runController(Object(App\Controllers\Users))
 8 SYSTEMPATH\CodeIgniter.php(349): CodeIgniter\CodeIgniter->handleRequest(null, Object(Config\Cache), false)
 9 FCPATH\index.php(55): CodeIgniter\CodeIgniter->run()
CRITICAL - 2022-07-15 03:09:55 --> Invalid argument supplied for foreach()
in APPPATH\Views\notes\create_note.php on line 31.
 1 APPPATH\Views\notes\create_note.php(31): CodeIgniter\Debug\Exceptions->errorHandler(2, 'Invalid argument supplied for foreach()', 'APPPATH\\Views\\notes\\create_note.php', 31, [])
 2 SYSTEMPATH\View\View.php(213): include('APPPATH\\Views\\notes\\create_note.php')
 3 SYSTEMPATH\View\View.php(216): CodeIgniter\View\View->CodeIgniter\View\{closure}()
 4 SYSTEMPATH\Common.php(1135): CodeIgniter\View\View->render('notes/create_note', [], true)
 5 APPPATH\Controllers\Notes.php(36): view('notes/create_note')
 6 SYSTEMPATH\CodeIgniter.php(896): App\Controllers\Notes->create_note()
 7 SYSTEMPATH\CodeIgniter.php(466): CodeIgniter\CodeIgniter->runController(Object(App\Controllers\Notes))
 8 SYSTEMPATH\CodeIgniter.php(349): CodeIgniter\CodeIgniter->handleRequest(null, Object(Config\Cache), false)
 9 FCPATH\index.php(55): CodeIgniter\CodeIgniter->run()
CRITICAL - 2022-07-15 03:10:50 --> Invalid argument supplied for foreach()
in APPPATH\Views\notes\create_note.php on line 31.
 1 APPPATH\Views\notes\create_note.php(31): CodeIgniter\Debug\Exceptions->errorHandler(2, 'Invalid argument supplied for foreach()', 'APPPATH\\Views\\notes\\create_note.php', 31, [])
 2 SYSTEMPATH\View\View.php(213): include('APPPATH\\Views\\notes\\create_note.php')
 3 SYSTEMPATH\View\View.php(216): CodeIgniter\View\View->CodeIgniter\View\{closure}()
 4 SYSTEMPATH\Common.php(1135): CodeIgniter\View\View->render('notes/create_note', [], true)
 5 APPPATH\Controllers\Notes.php(55): view('notes/create_note')
 6 SYSTEMPATH\CodeIgniter.php(896): App\Controllers\Notes->create_note()
 7 SYSTEMPATH\CodeIgniter.php(466): CodeIgniter\CodeIgniter->runController(Object(App\Controllers\Notes))
 8 SYSTEMPATH\CodeIgniter.php(349): CodeIgniter\CodeIgniter->handleRequest(null, Object(Config\Cache), false)
 9 FCPATH\index.php(55): CodeIgniter\CodeIgniter->run()
CRITICAL - 2022-07-15 03:10:50 --> Invalid argument supplied for foreach()
in APPPATH\Views\notes\create_note.php on line 31.
 1 APPPATH\Views\notes\create_note.php(31): CodeIgniter\Debug\Exceptions->errorHandler(2, 'Invalid argument supplied for foreach()', 'APPPATH\\Views\\notes\\create_note.php', 31, [])
 2 SYSTEMPATH\View\View.php(213): include('APPPATH\\Views\\notes\\create_note.php')
 3 SYSTEMPATH\View\View.php(216): CodeIgniter\View\View->CodeIgniter\View\{closure}()
 4 SYSTEMPATH\Common.php(1135): CodeIgniter\View\View->render('notes/create_note', [], true)
 5 APPPATH\Controllers\Notes.php(55): view('notes/create_note')
 6 SYSTEMPATH\CodeIgniter.php(896): App\Controllers\Notes->create_note()
 7 SYSTEMPATH\CodeIgniter.php(466): CodeIgniter\CodeIgniter->runController(Object(App\Controllers\Notes))
 8 SYSTEMPATH\CodeIgniter.php(349): CodeIgniter\CodeIgniter->handleRequest(null, Object(Config\Cache), false)
 9 FCPATH\index.php(55): CodeIgniter\CodeIgniter->run()
CRITICAL - 2022-07-15 03:11:39 --> Call to a member function getRandomName() on null
in APPPATH\Controllers\Notes.php on line 79.
 1 SYSTEMPATH\CodeIgniter.php(896): App\Controllers\Notes->save_note()
 2 SYSTEMPATH\CodeIgniter.php(466): CodeIgniter\CodeIgniter->runController(Object(App\Controllers\Notes))
 3 SYSTEMPATH\CodeIgniter.php(349): CodeIgniter\CodeIgniter->handleRequest(null, Object(Config\Cache), false)
 4 FCPATH\index.php(55): CodeIgniter\CodeIgniter->run()
ERROR - 2022-07-15 04:21:29 --> Column 'id' in where clause is ambiguous
CRITICAL - 2022-07-15 04:21:29 --> Call to a member function getResult() on bool
in APPPATH\Controllers\Notes.php on line 125.
 1 SYSTEMPATH\CodeIgniter.php(896): App\Controllers\Notes->edit_note('37')
 2 SYSTEMPATH\CodeIgniter.php(466): CodeIgniter\CodeIgniter->runController(Object(App\Controllers\Notes))
 3 SYSTEMPATH\CodeIgniter.php(349): CodeIgniter\CodeIgniter->handleRequest(null, Object(Config\Cache), false)
 4 FCPATH\index.php(55): CodeIgniter\CodeIgniter->run()
